<?xml version="1.0" encoding="UTF-8"?>
<!-- Generated by org.testng.reporters.JUnitReportReporter -->
<testsuite hostname="varshitha-ThinkPad-L450" name="com.RestApi.TrelloApi.PostTest" tests="9" failures="0" timestamp="12 Jun 2019 05:21:45 GMT" time="6.982" errors="0">
  <testcase name="postCard1" time="0.701" classname="com.RestApi.TrelloApi.PostTest"/>
  <testcase name="postBoard" time="1.795" classname="com.RestApi.TrelloApi.PostTest"/>
  <testcase name="postLabel1" time="0.691" classname="com.RestApi.TrelloApi.PostTest"/>
  <testcase name="postAttach2" time="0.743" classname="com.RestApi.TrelloApi.PostTest"/>
  <testcase name="postList1" time="0.570" classname="com.RestApi.TrelloApi.PostTest"/>
  <testcase name="postLabel2" time="0.611" classname="com.RestApi.TrelloApi.PostTest"/>
  <testcase name="postAttach" time="0.612" classname="com.RestApi.TrelloApi.PostTest"/>
  <testcase name="postList2" time="0.528" classname="com.RestApi.TrelloApi.PostTest"/>
  <testcase name="postCard2" time="0.731" classname="com.RestApi.TrelloApi.PostTest"/>
</testsuite> <!-- com.RestApi.TrelloApi.PostTest -->
