<?xml version="1.0" encoding="UTF-8"?>
<!-- Generated by org.testng.reporters.JUnitReportReporter -->
<testsuite hostname="varshitha-ThinkPad-L450" name="com.RestApi.TrelloApi.TrelloTest" tests="1" failures="0" timestamp="10 Jun 2019 13:44:59 GMT" time="0.475" errors="0">
  <testcase name="postMethod" time="0.475" classname="com.RestApi.TrelloApi.TrelloTest"/>
</testsuite> <!-- com.RestApi.TrelloApi.TrelloTest -->
